C51 COMPILER V9.54   BEEP                                                                  11/04/2022 18:18:39 PAGE 1   


C51 COMPILER V9.54, COMPILATION OF MODULE BEEP
OBJECT MODULE PLACED IN .\Objects\beep.obj
COMPILER INVOKED BY: D:\app\keil51\C51\BIN\C51.EXE user\beep.c COMPACT OPTIMIZE(8,SPEED) BROWSE INCDIR(.\user;D:\app\kei
                    -l51\C51\INC\Atmel) DEBUG OBJECTEXTEND PRINT(.\Listings\beep.lst) TABS(2) OBJECT(.\Objects\beep.obj)

line level    source

   1          #include <REGX52.H>
   2          #include <INTRINS.H>
   3          #include "beep.h"
   4          
   5          //蜂鸣器端口：
   6          
   7          unsigned char FreqSelect;
   8          unsigned char MusicSelect;
   9          
  10          //索引与频率对照表
  11           unsigned int FreqTable[]={
  12            0,
  13            63628,63731,63835,63928,64021,64103,64185,64260,64331,64400,64463,64528,
  14            64580,64633,64684,64732,64777,64820,64860,64898,64934,64968,65000,65030,
  15            65058,65085,65110,65134,65157,65178,65198,65217,65235,65252,65268,65283,
  16           };   
  17           
  18          
  19           
  20           
  21           
  22          
  23          //乐谱（code的意思是把数组放到FLASH上因为数组太大了）
  24          unsigned char code Music[]={
  25            //音符,时值,
  26            
  27            //1
  28            P,  4,
  29            P,  4,
  30            P,  4,
  31            M6, 2,
  32            M7, 2,
  33            
  34            H1, 4+2,
  35            M7, 2,
  36            H1, 4,
  37            H3, 4,
  38            
  39            M7, 4+4+4,
  40            M3, 2,
  41            M3, 2,
  42            
  43            //2
  44            M6, 4+2,
  45            M5, 2,
  46            M6, 4,
  47            H1, 4,
  48            
  49            M5, 4+4+4,
  50            M3, 4,
  51            
  52            M4, 4+2,
  53            M3, 2,
  54            M4, 4,
C51 COMPILER V9.54   BEEP                                                                  11/04/2022 18:18:39 PAGE 2   

  55            H1, 4,
  56            
  57            //3
  58            M3, 4+4,
  59            P,  2,
  60            H1, 2,
  61            H1, 2,
  62            H1, 2,
  63            
  64            M7, 4+2,
  65            M4_,2,
  66            M4_,4,
  67            M7, 4,
  68            
  69            M7, 8,
  70            P,  4,
  71            M6, 2,
  72            M7, 2,
  73            
  74            //4
  75            H1, 4+2,
  76            M7, 2,
  77            H1, 4,
  78            H3, 4,
  79            
  80            M7, 4+4+4,
  81            M3, 2,
  82            M3, 2,
  83            
  84            M6, 4+2,
  85            M5, 2,
  86            M6, 4,
  87            H1, 4,
  88            
  89            //5
  90            M5, 4+4+4,
  91            M2, 2,
  92            M3, 2,
  93            
  94            M4, 4,
  95            H1, 2,
  96            M7, 2+2,
  97            H1, 2+4,
  98            
  99            H2, 2,
 100            H2, 2,
 101            H3, 2,
 102            H1, 2+4+4,
 103            
 104            //6
 105            H1, 2,
 106            M7, 2,
 107            M6, 2,
 108            M6, 2,
 109            M7, 4,
 110            M5_,4,
 111            
 112            
 113            M6, 4+4+4,
 114            H1, 2,
 115            H2, 2,
 116            
C51 COMPILER V9.54   BEEP                                                                  11/04/2022 18:18:39 PAGE 3   

 117            H3, 4+2,
 118            H2, 2,
 119            H3, 4,
 120            H5, 4,
 121            
 122            //7
 123            H2, 4+4+4,
 124            M5, 2,
 125            M5, 2,
 126            
 127            H1, 4+2,
 128            M7, 2,
 129            H1, 4,
 130            H3, 4,
 131            
 132            H3, 4+4+4+4,
 133            
 134            //8
 135            M6, 2,
 136            M7, 2,
 137            H1, 4,
 138            M7, 4,
 139            H2, 2,
 140            H2, 2,
 141            
 142            H1, 4+2,
 143            M5, 2+4+4,
 144            
 145            H4, 4,
 146            H3, 4,
 147            H3, 4,
 148            H1, 4,
 149            
 150            //9
 151            H3, 4+4+4,
 152            H3, 4,
 153            
 154            H6, 4+4,
 155            H5, 4,
 156            H5, 4,
 157            
 158            H3, 2,
 159            H2, 2,
 160            H1, 4+4,
 161            P,  2,
 162            H1, 2,
 163            
 164            //10
 165            H2, 4,
 166            H1, 2,
 167            H2, 2,
 168            H2, 4,
 169            H5, 4,
 170            
 171            H3, 4+4+4,
 172            H3, 4,
 173            
 174            H6, 4+4,
 175            H5, 4+4,
 176            
 177            //11
 178            H3, 2,
C51 COMPILER V9.54   BEEP                                                                  11/04/2022 18:18:39 PAGE 4   

 179            H2, 2,
 180            H1, 4+4,
 181            P,  2,
 182            H1, 2,
 183            
 184            H2, 4,
 185            H1, 2,
 186            H2, 2+4,
 187            M7, 4,
 188            
 189            M6, 4+4+4,
 190            P,  4,
 191            
 192            0xFF  //终止标志
 193          };
 194          
 195          
 196          
 197          
 198          
 199          /**
 200            * @brief  蜂鸣器私有延时函数，延时500us
 201            * @param  无
 202            * @retval 无
 203            */
 204          void Buzzer_Delay500us()    //@12.000MHz
 205          {
 206   1        unsigned char i;
 207   1      
 208   1        _nop_();
 209   1        i = 247;
 210   1        while (--i);
 211   1      }
 212          
 213          /**
 214            * @brief  蜂鸣器发声
 215            * @param  ms 发声的时长，范围：0~32767
 216            * @retval 无
 217            */
 218          void Buzzer_Time(unsigned int ms)
 219          {
 220   1        unsigned int i;
 221   1        for(i=0;i<ms*2;i++)
 222   1        {
 223   2          Buzzer=!Buzzer;
 224   2          Buzzer_Delay500us();     //蜂鸣器的震动频率
 225   2        }
 226   1      }
 227          
 228          


MODULE INFORMATION:   STATIC OVERLAYABLE
   CODE SIZE        =     40    ----
   CONSTANT SIZE    =    241    ----
   XDATA SIZE       =   ----    ----
   PDATA SIZE       =     76    ----
   DATA SIZE        =   ----    ----
   IDATA SIZE       =   ----    ----
   BIT SIZE         =   ----    ----
END OF MODULE INFORMATION.


C51 COMPILATION COMPLETE.  0 WARNING(S),  0 ERROR(S)
