C51 COMPILER V9.54   MAIN                                                                  10/25/2022 18:05:30 PAGE 1   


C51 COMPILER V9.54, COMPILATION OF MODULE MAIN
OBJECT MODULE PLACED IN .\Objects\main.obj
COMPILER INVOKED BY: D:\app\keil51\C51\BIN\C51.EXE main.c OPTIMIZE(8,SPEED) BROWSE INCDIR(.\user;D:\app\keil51\C51\INC\A
                    -tmel) DEBUG OBJECTEXTEND PRINT(.\Listings\main.lst) TABS(2) OBJECT(.\Objects\main.obj)

line level    source

   1          #include <REGX52.H>
   2          #include "delay.h"
   3          #include "task.h"
   4          #include "nixie.h"
   5          #include "timer.h"
   6          #include "uart.h"
   7          
   8          void main()
   9          {
  10   1        char ch = 1;
  11   1        taskinit();
  12   1        timer0_init();
  13   1        uart_init();   //波特率4800 8位无校验
  14   1          UART_SendByte(0x66);
  15   1        while(1)
  16   1        {
  17   2          fsmTask(ch);
  18   2        }
  19   1      }


MODULE INFORMATION:   STATIC OVERLAYABLE
   CODE SIZE        =     24    ----
   CONSTANT SIZE    =   ----    ----
   XDATA SIZE       =   ----    ----
   PDATA SIZE       =   ----    ----
   DATA SIZE        =   ----       1
   IDATA SIZE       =   ----    ----
   BIT SIZE         =   ----    ----
END OF MODULE INFORMATION.


C51 COMPILATION COMPLETE.  0 WARNING(S),  0 ERROR(S)
