C51 COMPILER V9.54   MATRIXKEY                                                             10/26/2022 21:15:52 PAGE 1   


C51 COMPILER V9.54, COMPILATION OF MODULE MATRIXKEY
OBJECT MODULE PLACED IN .\Objects\matrixkey.obj
COMPILER INVOKED BY: D:\app\keil51\C51\BIN\C51.EXE user\matrixkey.c OPTIMIZE(8,SPEED) BROWSE INCDIR(.\user;D:\app\keil51
                    -\C51\INC\Atmel) DEBUG OBJECTEXTEND PRINT(.\Listings\matrixkey.lst) TABS(2) OBJECT(.\Objects\matrixkey.obj)

line level    source

   1          #include "matrixkey.h"
   2          #include "delay.h"
   3          #include <REGX52.H>
   4          
   5          //扫描键盘的按键是否按下，按下就返回相应的键值
   6          unsigned char MatrixKey(void)
   7          {
   8   1          unsigned char KeyNumber = 0;
   9   1      
  10   1          P1=0xFF;
  11   1          P1_3 = 0;
  12   1          if(P1_7==0){Delay1ms(20);while(P1_7==0);Delay1ms(20);KeyNumber=1;}
  13   1          if(P1_6==0){Delay1ms(20);while(P1_7==0);Delay1ms(20);KeyNumber=5;}
  14   1          if(P1_5==0){Delay1ms(20);while(P1_7==0);Delay1ms(20);KeyNumber=9;}
  15   1          if(P1_4==0){Delay1ms(20);while(P1_7==0);Delay1ms(20);KeyNumber=13;}
  16   1      
  17   1          P1=0xFF;
  18   1          P1_2 = 0;
  19   1          if(P1_7==0){Delay1ms(20);while(P1_7==0);Delay1ms(20);KeyNumber=2;}
  20   1          if(P1_6==0){Delay1ms(20);while(P1_7==0);Delay1ms(20);KeyNumber=6;}
  21   1          if(P1_5==0){Delay1ms(20);while(P1_7==0);Delay1ms(20);KeyNumber=10;}
  22   1          if(P1_4==0){Delay1ms(20);while(P1_7==0);Delay1ms(20);KeyNumber=14;}
  23   1      
  24   1          P1=0xFF;
  25   1          P1_1 = 0;
  26   1          if(P1_7==0){Delay1ms(20);while(P1_7==0);Delay1ms(20);KeyNumber=3;}
  27   1          if(P1_6==0){Delay1ms(20);while(P1_7==0);Delay1ms(20);KeyNumber=7;}
  28   1          if(P1_5==0){Delay1ms(20);while(P1_7==0);Delay1ms(20);KeyNumber=11;}
  29   1          if(P1_4==0){Delay1ms(20);while(P1_7==0);Delay1ms(20);KeyNumber=15;}
  30   1      
  31   1          P1=0xFF;
  32   1          P1_0 = 0;
  33   1          if(P1_7==0){Delay1ms(20);while(P1_7==0);Delay1ms(20);KeyNumber=4;}
  34   1          if(P1_6==0){Delay1ms(20);while(P1_7==0);Delay1ms(20);KeyNumber=8;}
  35   1          if(P1_5==0){Delay1ms(20);while(P1_7==0);Delay1ms(20);KeyNumber=12;}
  36   1          if(P1_4==0){Delay1ms(20);while(P1_7==0);Delay1ms(20);KeyNumber=16;}
  37   1      
  38   1          return KeyNumber;
  39   1      }


MODULE INFORMATION:   STATIC OVERLAYABLE
   CODE SIZE        =    393    ----
   CONSTANT SIZE    =   ----    ----
   XDATA SIZE       =   ----    ----
   PDATA SIZE       =   ----    ----
   DATA SIZE        =   ----       1
   IDATA SIZE       =   ----    ----
   BIT SIZE         =   ----    ----
END OF MODULE INFORMATION.


C51 COMPILATION COMPLETE.  0 WARNING(S),  0 ERROR(S)
