C51 COMPILER V9.54   NIXIE                                                                 10/24/2022 23:48:54 PAGE 1   


C51 COMPILER V9.54, COMPILATION OF MODULE NIXIE
OBJECT MODULE PLACED IN .\Objects\nixie.obj
COMPILER INVOKED BY: D:\app\keil51\C51\BIN\C51.EXE user\nixie.c OPTIMIZE(8,SPEED) BROWSE INCDIR(.\user;D:\app\keil51\C51
                    -\INC\Atmel) DEBUG OBJECTEXTEND PRINT(.\Listings\nixie.lst) TABS(2) OBJECT(.\Objects\nixie.obj)

line level    source

   1          #include "nixie.h"
   2          #include <REGX52.H>
   3          #include "delay.h"
   4          
   5          //                    数码管的  0   1    2    3    4    5    6    7    8    9
   6          unsigned char NixieTable[] = {0x3F,0x06,0x5B,0x4F,0x66,0x6D,0x7D,0x07,0x7F,0x6F};
   7          
   8          
   9          void Nixie(unsigned char Location,Number)
  10          {
  11   1        switch(Location)
  12   1        {
  13   2          case 1:P2_4=1;P2_3=1;P2_2=1;break;
  14   2          case 2:P2_4=1;P2_3=1;P2_2=0;break;
  15   2          case 3:P2_4=1;P2_3=0;P2_2=1;break;
  16   2          case 4:P2_4=1;P2_3=0;P2_2=0;break;
  17   2          case 5:P2_4=0;P2_3=1;P2_2=1;break;
  18   2          case 6:P2_4=0;P2_3=1;P2_2=0;break;
  19   2          case 7:P2_4=0;P2_3=0;P2_2=1;break;
  20   2          case 8:P2_4=0;P2_3=0;P2_2=0;break;
  21   2        }
  22   1        P0=NixieTable[Number];
  23   1        Delay1ms(1);
  24   1        P0=0x00;
  25   1      }


MODULE INFORMATION:   STATIC OVERLAYABLE
   CODE SIZE        =    109    ----
   CONSTANT SIZE    =   ----    ----
   XDATA SIZE       =   ----    ----
   PDATA SIZE       =   ----    ----
   DATA SIZE        =     10    ----
   IDATA SIZE       =   ----    ----
   BIT SIZE         =   ----    ----
END OF MODULE INFORMATION.


C51 COMPILATION COMPLETE.  0 WARNING(S),  0 ERROR(S)
