C51 COMPILER V9.54   SEPARATE_BUTTON                                                       11/04/2022 18:18:39 PAGE 1   


C51 COMPILER V9.54, COMPILATION OF MODULE SEPARATE_BUTTON
OBJECT MODULE PLACED IN .\Objects\separate_button.obj
COMPILER INVOKED BY: D:\app\keil51\C51\BIN\C51.EXE user\separate_button.c COMPACT OPTIMIZE(8,SPEED) BROWSE INCDIR(.\user
                    -;D:\app\keil51\C51\INC\Atmel) DEBUG OBJECTEXTEND PRINT(.\Listings\separate_button.lst) TABS(2) OBJECT(.\Objects\separate
                    -_button.obj)

line level    source

   1          #include "separate_button.h"
   2          #include "delay.h"
   3          
   4          
   5          
   6          //获取独立按键键码
   7          unsigned char key_state()
   8          {
   9   1          unsigned char KeyNumber = 0;
  10   1          if(KEY1==0){Delay1ms(20);while(KEY1==0);Delay1ms(20);KeyNumber=1;}
  11   1          if(KEY2==0){Delay1ms(20);while(KEY2==0);Delay1ms(20);KeyNumber=2;}
  12   1          if(KEY3==0){Delay1ms(20);while(KEY3==0);Delay1ms(20);KeyNumber=3;}
  13   1          if(KEY4==0){Delay1ms(20);while(KEY4==0);Delay1ms(20);KeyNumber=4;}
  14   1      
  15   1          return KeyNumber;
  16   1      }


MODULE INFORMATION:   STATIC OVERLAYABLE
   CODE SIZE        =    108    ----
   CONSTANT SIZE    =   ----    ----
   XDATA SIZE       =   ----    ----
   PDATA SIZE       =   ----       1
   DATA SIZE        =   ----    ----
   IDATA SIZE       =   ----    ----
   BIT SIZE         =   ----    ----
END OF MODULE INFORMATION.


C51 COMPILATION COMPLETE.  0 WARNING(S),  0 ERROR(S)
